2025-06-06 19:43:18 DEBUG PackageRelationshipCollection:307 - Parsing relationship: /xl/worksheets/_rels/sheet1.xml.rels
2025-06-06 19:43:18 DEBUG PackageRelationshipCollection:307 - Parsing relationship: /_rels/.rels
2025-06-06 19:43:18 DEBUG PackageRelationshipCollection:307 - Parsing relationship: /xl/_rels/workbook.xml.rels
2025-06-06 19:43:18 DEBUG PackageRelationshipCollection:307 - Parsing relationship: /xl/worksheets/_rels/sheet1.xml.rels
2025-06-06 19:43:18 DEBUG PackageRelationshipCollection:307 - Parsing relationship: /_rels/.rels
2025-06-06 19:43:18 DEBUG PackageRelationshipCollection:307 - Parsing relationship: /xl/_rels/workbook.xml.rels
2025-06-06 19:43:18 DEBUG PackageRelationshipCollection:307 - Parsing relationship: /xl/worksheets/_rels/sheet1.xml.rels
2025-06-06 19:43:18 DEBUG PackageRelationshipCollection:307 - Parsing relationship: /_rels/.rels
2025-06-06 19:43:18 DEBUG PackageRelationshipCollection:307 - Parsing relationship: /xl/_rels/workbook.xml.rels
2025-06-06 19:43:18 DEBUG PackageRelationshipCollection:307 - Parsing relationship: /xl/worksheets/_rels/sheet1.xml.rels
2025-06-06 19:43:18 DEBUG PackageRelationshipCollection:307 - Parsing relationship: /_rels/.rels
2025-06-06 19:43:18 DEBUG PackageRelationshipCollection:307 - Parsing relationship: /xl/_rels/workbook.xml.rels
2025-06-06 19:43:18 DEBUG PackageRelationshipCollection:307 - Parsing relationship: /xl/worksheets/_rels/sheet1.xml.rels
2025-06-06 19:43:18 DEBUG PackageRelationshipCollection:307 - Parsing relationship: /_rels/.rels
2025-06-06 19:43:18 DEBUG PackageRelationshipCollection:307 - Parsing relationship: /xl/_rels/workbook.xml.rels
2025-06-06 19:43:18 DEBUG PackageRelationshipCollection:307 - Parsing relationship: /xl/worksheets/_rels/sheet1.xml.rels
2025-06-06 19:43:18 DEBUG PackageRelationshipCollection:307 - Parsing relationship: /_rels/.rels
2025-06-06 19:43:18 DEBUG PackageRelationshipCollection:307 - Parsing relationship: /xl/_rels/workbook.xml.rels
2025-06-06 19:43:18 DEBUG PackageRelationshipCollection:307 - Parsing relationship: /xl/worksheets/_rels/sheet1.xml.rels
2025-06-06 19:43:18 DEBUG PackageRelationshipCollection:307 - Parsing relationship: /_rels/.rels
2025-06-06 19:43:18 INFO  TC003_LoginDDT:21 - *****Starting TC_003_LoginDDT ****** 
2025-06-06 19:43:21 INFO  TC003_LoginDDT:85 - *****Finished TC_003_LoginDDT ****** 
2025-06-06 19:43:21 INFO  TC003_LoginDDT:21 - *****Starting TC_003_LoginDDT ****** 
2025-06-06 19:43:23 INFO  TC003_LoginDDT:21 - *****Starting TC_003_LoginDDT ****** 
2025-06-06 19:43:26 INFO  TC003_LoginDDT:21 - *****Starting TC_003_LoginDDT ****** 
2025-06-06 19:43:38 INFO  TC003_LoginDDT:85 - *****Finished TC_003_LoginDDT ****** 
2025-06-06 19:43:38 INFO  TC003_LoginDDT:21 - *****Starting TC_003_LoginDDT ****** 
2025-06-06 19:43:40 INFO  TC003_LoginDDT:85 - *****Finished TC_003_LoginDDT ****** 
2025-06-06 19:43:40 INFO  TC003_LoginDDT:21 - *****Starting TC_003_LoginDDT ****** 
2025-06-06 19:43:52 INFO  TC003_LoginDDT:85 - *****Finished TC_003_LoginDDT ****** 
