2025-06-09 06:38:28 INFO  TC002_LoginTest:15 - ***** Started TC002_LoginTest *****
2025-06-09 06:38:30 INFO  TC002_LoginTest:46 - ***** Finished TC002_LoginTest *****
2025-06-09 06:38:50 DEBUG TestNG:82 - suiteXmlPath: "C:\Users\Madhukar Pandey\git\repository3\OpenCartV2.0\grid-docker.xml"
2025-06-09 06:38:50 INFO  Utils:112 - [TestNG] Running:
  C:\Users\Madhukar Pandey\git\repository3\OpenCartV2.0\grid-docker.xml

2025-06-09 06:38:53 INFO  TC001_AccountRegistrationTest:18 - ****--- Starting TC001_AccountRegistrationTest ---****
2025-06-09 06:38:54 INFO  TC001_AccountRegistrationTest:26 - ****--- Clicked on MyAccount link ---****
2025-06-09 06:38:54 INFO  TC001_AccountRegistrationTest:30 - ****--- Clicked on Register link ---****
2025-06-09 06:38:54 INFO  TC001_AccountRegistrationTest:34 - ****--- Providing Customer Details ---****
2025-06-09 06:38:56 INFO  TC001_AccountRegistrationTest:55 - Confirmation message received: Your Account Has Been Created!
2025-06-09 06:38:56 INFO  TC001_AccountRegistrationTest:56 - TC001_AccountRegistrationTest Passed
2025-06-09 06:38:56 INFO  TC001_AccountRegistrationTest:74 - ****---Finished TC001_AccountRegistrationTest---****
2025-06-09 06:38:59 INFO  TC002_LoginTest:15 - ***** Started TC002_LoginTest *****
2025-06-09 06:39:01 INFO  TC002_LoginTest:46 - ***** Finished TC002_LoginTest *****
2025-06-09 07:06:14 DEBUG TestNG:82 - suiteXmlPath: "C:\Users\Madhukar Pandey\git\repository3\OpenCartV2.0\master.xml"
2025-06-09 07:10:25 DEBUG TestNG:82 - suiteXmlPath: "C:\Users\Madhukar Pandey\git\repository3\OpenCartV2.0\master.xml"
2025-06-09 07:10:31 INFO  TC001_AccountRegistrationTest:18 - ****--- Starting TC001_AccountRegistrationTest ---****
2025-06-09 07:10:31 INFO  TC001_AccountRegistrationTest:26 - ****--- Clicked on MyAccount link ---****
2025-06-09 07:10:32 INFO  TC001_AccountRegistrationTest:30 - ****--- Clicked on Register link ---****
2025-06-09 07:10:32 INFO  TC001_AccountRegistrationTest:34 - ****--- Providing Customer Details ---****
2025-06-09 07:10:33 INFO  TC001_AccountRegistrationTest:55 - Confirmation message received: Your Account Has Been Created!
2025-06-09 07:10:33 INFO  TC001_AccountRegistrationTest:56 - TC001_AccountRegistrationTest Passed
2025-06-09 07:10:33 INFO  TC001_AccountRegistrationTest:74 - ****---Finished TC001_AccountRegistrationTest---****
2025-06-09 07:10:36 INFO  TC002_LoginTest:15 - ***** Started TC002_LoginTest *****
2025-06-09 07:10:38 INFO  TC002_LoginTest:46 - ***** Finished TC002_LoginTest *****
2025-06-09 07:37:44 DEBUG TestNG:82 - suiteXmlPath: "C:\Users\Madhukar Pandey\git\repository3\OpenCartV2.0\master.xml"
2025-06-09 07:37:48 INFO  TC001_AccountRegistrationTest:18 - ****--- Starting TC001_AccountRegistrationTest ---****
2025-06-09 07:37:49 INFO  TC001_AccountRegistrationTest:26 - ****--- Clicked on MyAccount link ---****
2025-06-09 07:37:49 INFO  TC001_AccountRegistrationTest:30 - ****--- Clicked on Register link ---****
2025-06-09 07:37:49 INFO  TC001_AccountRegistrationTest:34 - ****--- Providing Customer Details ---****
2025-06-09 07:37:51 INFO  TC001_AccountRegistrationTest:55 - Confirmation message received: Your Account Has Been Created!
2025-06-09 07:37:51 INFO  TC001_AccountRegistrationTest:56 - TC001_AccountRegistrationTest Passed
2025-06-09 07:37:51 INFO  TC001_AccountRegistrationTest:74 - ****---Finished TC001_AccountRegistrationTest---****
2025-06-09 07:37:54 INFO  TC002_LoginTest:15 - ***** Started TC002_LoginTest *****
2025-06-09 07:37:56 INFO  TC002_LoginTest:46 - ***** Finished TC002_LoginTest *****
2025-06-09 07:52:46 DEBUG TestNG:82 - suiteXmlPath: "C:\Users\Madhukar Pandey\git\repository3\OpenCartV2.0\master.xml"
2025-06-09 07:52:50 INFO  TC001_AccountRegistrationTest:18 - ****--- Starting TC001_AccountRegistrationTest ---****
2025-06-09 07:52:50 INFO  TC001_AccountRegistrationTest:26 - ****--- Clicked on MyAccount link ---****
2025-06-09 07:52:51 INFO  TC001_AccountRegistrationTest:30 - ****--- Clicked on Register link ---****
2025-06-09 07:52:51 INFO  TC001_AccountRegistrationTest:34 - ****--- Providing Customer Details ---****
2025-06-09 07:52:52 INFO  TC001_AccountRegistrationTest:55 - Confirmation message received: Your Account Has Been Created!
2025-06-09 07:52:52 INFO  TC001_AccountRegistrationTest:56 - TC001_AccountRegistrationTest Passed
2025-06-09 07:52:52 INFO  TC001_AccountRegistrationTest:74 - ****---Finished TC001_AccountRegistrationTest---****
2025-06-09 07:52:55 INFO  TC002_LoginTest:15 - ***** Started TC002_LoginTest *****
2025-06-09 07:52:58 INFO  TC002_LoginTest:46 - ***** Finished TC002_LoginTest *****
